Build started 7/19/2011 1:33:47 PM.
     1>Project "C:\Users\Soham\Documents\Visual Studio 2010\Projects\SCOMPRESS\SCOMPRESS\SCOMPRESS.vcxproj" on node 2 (build target(s)).
     1>InitializeBuildStatus:
         Creating "Debug\SCOMPRESS.unsuccessfulbuild" because "AlwaysCreate" was specified.
       ClCompile:
         All outputs are up-to-date.
         d:\Microsoft Visual Studio 10.0\VC\bin\CL.exe /c /ZI /nologo /W3 /WX- /Od /Oy- /D WIN32 /D _DEBUG /D _CONSOLE /D _UNICODE /D UNICODE /Gm /EHsc /RTC1 /MDd /GS /fp:precise /Zc:wchar_t /Zc:forScope /Yu"StdAfx.h" /Fp"Debug\SCOMPRESS.pch" /Fo"Debug\\" /Fd"Debug\vc100.pdb" /Gd /TP /analyze- /errorReport:prompt SCOMPRESS.cpp
         SCOMPRESS.cpp
     1>c:\users\soham\documents\visual studio 2010\projects\scompress\scompress\scompress.cpp(170): warning C4101: 'prev' : unreferenced local variable
     1>c:\users\soham\documents\visual studio 2010\projects\scompress\scompress\scompress.cpp(170): warning C4101: 'tmp' : unreferenced local variable
     1>c:\users\soham\documents\visual studio 2010\projects\scompress\scompress\scompress.cpp(246): warning C4018: '<' : signed/unsigned mismatch
     1>c:\users\soham\documents\visual studio 2010\projects\scompress\scompress\scompress.cpp(238): warning C4101: 'prevs' : unreferenced local variable
     1>c:\users\soham\documents\visual studio 2010\projects\scompress\scompress\scompress.cpp(306): warning C4101: 'n' : unreferenced local variable
     1>c:\users\soham\documents\visual studio 2010\projects\scompress\scompress\scompress.cpp(368): warning C4244: '=' : conversion from 'std::streamoff' to 'long', possible loss of data
     1>c:\users\soham\documents\visual studio 2010\projects\scompress\scompress\scompress.cpp(372): warning C4244: '=' : conversion from 'std::streamoff' to 'long', possible loss of data
     1>c:\users\soham\documents\visual studio 2010\projects\scompress\scompress\scompress.cpp(395): warning C4244: '=' : conversion from 'std::streamoff' to 'long', possible loss of data
     1>c:\users\soham\documents\visual studio 2010\projects\scompress\scompress\scompress.cpp(399): warning C4244: '=' : conversion from 'std::streamoff' to 'long', possible loss of data
     1>c:\users\soham\documents\visual studio 2010\projects\scompress\scompress\scompress.cpp(401): warning C4244: '=' : conversion from 'long' to 'float', possible loss of data
     1>c:\users\soham\documents\visual studio 2010\projects\scompress\scompress\scompress.cpp(563): warning C4018: '<' : signed/unsigned mismatch
     1>c:\users\soham\documents\visual studio 2010\projects\scompress\scompress\scompress.cpp(602): warning C4018: '<' : signed/unsigned mismatch
     1>c:\users\soham\documents\visual studio 2010\projects\scompress\scompress\scompress.cpp(605): warning C4018: '<' : signed/unsigned mismatch
     1>c:\users\soham\documents\visual studio 2010\projects\scompress\scompress\scompress.cpp(643): warning C4244: '=' : conversion from 'std::streamoff' to 'long', possible loss of data
     1>c:\users\soham\documents\visual studio 2010\projects\scompress\scompress\scompress.cpp(647): warning C4244: '=' : conversion from 'std::streamoff' to 'long', possible loss of data
     1>c:\users\soham\documents\visual studio 2010\projects\scompress\scompress\scompress.cpp(671): warning C4244: '=' : conversion from 'std::streamoff' to 'long', possible loss of data
     1>c:\users\soham\documents\visual studio 2010\projects\scompress\scompress\scompress.cpp(675): warning C4244: '=' : conversion from 'std::streamoff' to 'long', possible loss of data
     1>c:\users\soham\documents\visual studio 2010\projects\scompress\scompress\scompress.cpp(701): warning C4018: '<' : signed/unsigned mismatch
     1>c:\users\soham\documents\visual studio 2010\projects\scompress\scompress\scompress.cpp(704): warning C4018: '<' : signed/unsigned mismatch
     1>c:\users\soham\documents\visual studio 2010\projects\scompress\scompress\scompress.cpp(710): warning C4018: '<' : signed/unsigned mismatch
     1>c:\users\soham\documents\visual studio 2010\projects\scompress\scompress\scompress.cpp(748): warning C4018: '<' : signed/unsigned mismatch
     1>c:\users\soham\documents\visual studio 2010\projects\scompress\scompress\scompress.cpp(750): warning C4018: '<' : signed/unsigned mismatch
     1>c:\users\soham\documents\visual studio 2010\projects\scompress\scompress\scompress.cpp(756): warning C4018: '<' : signed/unsigned mismatch
     1>c:\users\soham\documents\visual studio 2010\projects\scompress\scompress\scompress.cpp(766): warning C4018: '<' : signed/unsigned mismatch
     1>c:\users\soham\documents\visual studio 2010\projects\scompress\scompress\scompress.cpp(826): warning C4018: '<' : signed/unsigned mismatch
     1>c:\users\soham\documents\visual studio 2010\projects\scompress\scompress\scompress.cpp(849): warning C4018: '>=' : signed/unsigned mismatch
     1>c:\users\soham\documents\visual studio 2010\projects\scompress\scompress\scompress.cpp(916): warning C4018: '<' : signed/unsigned mismatch
     1>c:\users\soham\documents\visual studio 2010\projects\scompress\scompress\scompress.cpp(936): warning C4018: '<' : signed/unsigned mismatch
     1>c:\users\soham\documents\visual studio 2010\projects\scompress\scompress\scompress.cpp(335): warning C4101: 'present' : unreferenced local variable
     1>c:\users\soham\documents\visual studio 2010\projects\scompress\scompress\scompress.cpp(336): warning C4101: 'CHUNK_SIZE' : unreferenced local variable
     1>c:\users\soham\documents\visual studio 2010\projects\scompress\scompress\scompress.cpp(335): warning C4101: 'NO_OF_CHUNKS' : unreferenced local variable
     1>c:\users\soham\documents\visual studio 2010\projects\scompress\scompress\scompress.cpp(51): warning C4715: 'find' : not all control paths return a value
       ManifestResourceCompile:
         All outputs are up-to-date.
       Link:
         d:\Microsoft Visual Studio 10.0\VC\bin\link.exe /ERRORREPORT:PROMPT /OUT:"C:\Users\Soham\Documents\Visual Studio 2010\Projects\SCOMPRESS\Debug\SCOMPRESS.exe" /INCREMENTAL /NOLOGO kernel32.lib user32.lib gdi32.lib winspool.lib comdlg32.lib advapi32.lib shell32.lib ole32.lib oleaut32.lib uuid.lib odbc32.lib odbccp32.lib /MANIFEST /ManifestFile:"Debug\SCOMPRESS.exe.intermediate.manifest" /MANIFESTUAC:"level='asInvoker' uiAccess='false'" /DEBUG /PDB:"C:\Users\Soham\Documents\Visual Studio 2010\Projects\SCOMPRESS\Debug\SCOMPRESS.pdb" /SUBSYSTEM:CONSOLE /TLBID:1 /DYNAMICBASE /NXCOMPAT /IMPLIB:"C:\Users\Soham\Documents\Visual Studio 2010\Projects\SCOMPRESS\Debug\SCOMPRESS.lib" /MACHINE:X86 Debug\SCOMPRESS.exe.embed.manifest.res
         Debug\SCOMPRESS.obj
         Debug\stdafx.obj
       Manifest:
         C:\Program Files\Microsoft SDKs\Windows\v7.0A\bin\mt.exe /nologo /verbose /out:"Debug\SCOMPRESS.exe.embed.manifest" /manifest Debug\SCOMPRESS.exe.intermediate.manifest
         All outputs are up-to-date.
       LinkEmbedManifest:
         All outputs are up-to-date.
         SCOMPRESS.vcxproj -> C:\Users\Soham\Documents\Visual Studio 2010\Projects\SCOMPRESS\Debug\SCOMPRESS.exe
       FinalizeBuildStatus:
         Deleting file "Debug\SCOMPRESS.unsuccessfulbuild".
         Touching "Debug\SCOMPRESS.lastbuildstate".
     1>Done Building Project "C:\Users\Soham\Documents\Visual Studio 2010\Projects\SCOMPRESS\SCOMPRESS\SCOMPRESS.vcxproj" (build target(s)).

Build succeeded.

Time Elapsed 00:00:01.52
